C51 COMPILER V9.54   MAIN                                                                  11/21/2021 11:31:44 PAGE 1   


C51 COMPILER V9.54, COMPILATION OF MODULE MAIN
OBJECT MODULE PLACED IN .\Objects\main.obj
COMPILER INVOKED BY: D:\Keil5\C51\BIN\C51.EXE main.c OPTIMIZE(8,SPEED) BROWSE DEBUG OBJECTEXTEND PRINT(.\Listings\main.l
                    -st) OBJECT(.\Objects\main.obj)

line level    source

   1          #include <REGX52.H>
   2          
   3          
   4          void main()
   5          {
   6   1              
   7   1              while(1)
   8   1              {
   9   2                      if(P3_1 == 0){
  10   3                              
  11   3                              P2_0 = 0;
  12   3                              
  13   3                      }
  14   2                      else{
  15   3                              
  16   3                              P2_0 = 1;
  17   3                              
  18   3                      }
  19   2              
  20   2              
  21   2              }
  22   1      
  23   1      
  24   1      }


MODULE INFORMATION:   STATIC OVERLAYABLE
   CODE SIZE        =     11    ----
   CONSTANT SIZE    =   ----    ----
   XDATA SIZE       =   ----    ----
   PDATA SIZE       =   ----    ----
   DATA SIZE        =   ----    ----
   IDATA SIZE       =   ----    ----
   BIT SIZE         =   ----    ----
END OF MODULE INFORMATION.


C51 COMPILATION COMPLETE.  0 WARNING(S),  0 ERROR(S)
