C51 COMPILER V9.54   MAIN                                                                  11/19/2021 22:23:07 PAGE 1   


C51 COMPILER V9.54, COMPILATION OF MODULE MAIN
OBJECT MODULE PLACED IN .\Objects\main.obj
COMPILER INVOKED BY: D:\Keil5\C51\BIN\C51.EXE main.c OPTIMIZE(8,SPEED) BROWSE DEBUG OBJECTEXTEND PRINT(.\Listings\main.l
                    -st) TABS(2) OBJECT(.\Objects\main.obj)

line level    source

   1          #include <REGX52.H>
   2          
   3          void Delay1ms(unsigned int nms)   //@12.000MHz
   4          {
   5   1        unsigned char i, j;
   6   1      
   7   1        while(nms){
   8   2        i = 2;
   9   2        j = 239;
  10   2        do
  11   2        {
  12   3          while (--j);
  13   3        } while (--i);
  14   2        nms--;
  15   2      }
  16   1      }
  17          
  18          void main(){
  19   1      
  20   1          while(1){
  21   2          P2=0xFE;//1111 1110
  22   2          Delay1ms(2000);
  23   2          P2=0xFD;//1111 1101
  24   2          Delay1ms(3000);
  25   2          P2=0xFB;//1111 1011
  26   2          Delay1ms(2000);
  27   2          P2=0xF7;//1111 0111
  28   2          Delay1ms(3000);
  29   2          P2=0xEF;//1110 1111
  30   2          Delay1ms(2000);
  31   2          P2=0xDF;//1101 1111
  32   2          Delay1ms(3000);
  33   2          P2=0xBF;//1011 1111
  34   2          Delay1ms(2000);
  35   2          P2=0x7F;//0111 1111
  36   2          Delay1ms(3000);
  37   2          }
  38   1      
  39   1      }


MODULE INFORMATION:   STATIC OVERLAYABLE
   CODE SIZE        =     90    ----
   CONSTANT SIZE    =   ----    ----
   XDATA SIZE       =   ----    ----
   PDATA SIZE       =   ----    ----
   DATA SIZE        =   ----    ----
   IDATA SIZE       =   ----    ----
   BIT SIZE         =   ----    ----
END OF MODULE INFORMATION.


C51 COMPILATION COMPLETE.  0 WARNING(S),  0 ERROR(S)
