C51 COMPILER V9.54   MIAN                                                                  11/19/2021 22:12:10 PAGE 1   


C51 COMPILER V9.54, COMPILATION OF MODULE MIAN
OBJECT MODULE PLACED IN .\Objects\mian.obj
COMPILER INVOKED BY: D:\Keil5\C51\BIN\C51.EXE mian.c OPTIMIZE(8,SPEED) BROWSE DEBUG OBJECTEXTEND PRINT(.\Listings\mian.l
                    -st) TABS(2) OBJECT(.\Objects\mian.obj)

line level    source

   1          #include <REGX52.H>
   2          #include <INTRINS.H>
   3          
   4          void Delay500ms()   //@12.000MHz
   5          {
   6   1        unsigned char i, j, k;
   7   1      
   8   1        _nop_(); //??_nop_(),??#include <INTRINS.H>???????
   9   1        i = 4;
  10   1        j = 205;
  11   1        k = 187;
  12   1        do
  13   1        {
  14   2          do
  15   2          {
  16   3            while (--k);
  17   3          } while (--j);
  18   2        } while (--i);
  19   1      }
  20          
  21          void main(){
  22   1       
  23   1         P2 = 0xFE; // 1111 1110
  24   1         Delay500ms();
  25   1        
  26   1         P2 = 0xFD; // 1111 1101
  27   1         Delay500ms();
  28   1        
  29   1         P2 = 0xFB; // 1111 1011
  30   1         Delay500ms();
  31   1        
  32   1         P2 = 0xF7; // 1111 0111
  33   1         Delay500ms();
  34   1        
  35   1         P2 = 0xEF; // 1110 1111
  36   1         Delay500ms();
  37   1        
  38   1         P2 = 0xDF; // 1101 1111
  39   1         Delay500ms();
  40   1        
  41   1         P2 = 0xBF; // 1011 1111
  42   1         Delay500ms();
  43   1         
  44   1         P2 = 0x7F; // 0111 1111
  45   1         Delay500ms();
  46   1      
  47   1      }
  48          


MODULE INFORMATION:   STATIC OVERLAYABLE
   CODE SIZE        =     62    ----
   CONSTANT SIZE    =   ----    ----
   XDATA SIZE       =   ----    ----
C51 COMPILER V9.54   MIAN                                                                  11/19/2021 22:12:10 PAGE 2   

   PDATA SIZE       =   ----    ----
   DATA SIZE        =   ----    ----
   IDATA SIZE       =   ----    ----
   BIT SIZE         =   ----    ----
END OF MODULE INFORMATION.


C51 COMPILATION COMPLETE.  0 WARNING(S),  0 ERROR(S)
